#
# A fatal error has been detected by the Java Runtime Environment:
#
#  Internal Error (./src/hotspot/share/oops/generateOopMap.cpp:2164), pid=13048, tid=11788
#  fatal error: Illegal class file encountered. Try running with -Xverify:all in method perfilUsuario
#
# JRE version: OpenJDK Runtime Environment AdoptOpenJDK (11.0.9.1+1) (build 11.0.9.1+1)
# Java VM: OpenJDK 64-Bit Server VM AdoptOpenJDK (11.0.9.1+1, mixed mode, tiered, compressed oops, g1 gc, windows-amd64)
# No core dump will be written. Minidumps are not enabled by default on client versions of Windows
#
# If you would like to submit a bug report, please visit:
#   https://github.com/AdoptOpenJDK/openjdk-support/issues
#

---------------  S U M M A R Y ------------

Command Line: -agentlib:jdwp=transport=dt_socket,suspend=y,address=localhost:50070 -javaagent:C:\Users\lucas\eclipse\jee-2020-09\eclipse\configuration\org.eclipse.osgi\406\0\.cp\lib\javaagent-shaded.jar -Dfile.encoding=UTF-8 br.edu.unoesc.CrudApplication

Host: Intel(R) Core(TM) i5-5200U CPU @ 2.20GHz, 4 cores, 7G,  Windows 10 , 64 bit Build 19041 (10.0.19041.546)
Time: Fri Apr  2 02:20:10 2021 Hora oficial do Brasil elapsed time: 576.434650 seconds (0d 0h 9m 36s)

---------------  T H R E A D  ---------------

Current thread (0x000002497fe54800):  VMThread "VM Thread" [stack: 0x0000008e0cc00000,0x0000008e0cd00000] [id=11788]

Stack: [0x0000008e0cc00000,0x0000008e0cd00000]
[error occurred during error reporting (printing stack bounds), id 0xc0000005, EXCEPTION_ACCESS_VIOLATION (0xc0000005) at pc=0x0000024900000dad]

Native frames: (J=compiled Java code, j=interpreted, Vv=VM code, C=native code)
V  [jvm.dll+0x5f465a]
V  [jvm.dll+0x77c78e]
V  [jvm.dll+0x77de5f]
V  [jvm.dll+0x77e485]
V  [jvm.dll+0x77e43b]
V  [jvm.dll+0x5f3bf3]
V  [jvm.dll+0x5f4308]
C  [ntdll.dll+0xa10ff]
C  [ntdll.dll+0x4b474]
C  [ntdll.dll+0x9fc2e]
C  0x0000024900000dad

VM_Operation (0x0000008e0d5ff2b0): GetOrSetLocal, mode: safepoint, requested by thread 0x0000024915edc000


---------------  P R O C E S S  ---------------

Threads class SMR info:
_java_thread_list=0x000002491daded30, length=31, elements={
0x000002497fe56000, 0x000002497fe82800, 0x00000249157a2800, 0x000002497fe92000,
0x000002497fe9c000, 0x000002497fea3000, 0x000002497fea4000, 0x0000024915920800,
0x0000024915edc000, 0x00000249159d3800, 0x000002491599a800, 0x0000024915921000,
0x0000024915922000, 0x000002491591d000, 0x000002491591f800, 0x000002491591e000,
0x0000024915923000, 0x000002491591e800, 0x00000249163a9000, 0x00000249163a3000,
0x00000249163a5800, 0x00000249163a8000, 0x00000249163a6800, 0x00000249163a9800,
0x00000249163a7000, 0x00000249163a4000, 0x00000249163aa800, 0x00000249163a5000,
0x00000249163af800, 0x00000249163ab800, 0x00000249163b0000
}

Java Threads: ( => current thread )
  0x000002497fe56000 JavaThread "Reference Handler" daemon [_thread_blocked, id=9064, stack(0x0000008e0cd00000,0x0000008e0ce00000)]
  0x000002497fe82800 JavaThread "Finalizer" daemon [_thread_blocked, id=6872, stack(0x0000008e0ce00000,0x0000008e0cf00000)]
  0x00000249157a2800 JavaThread "Signal Dispatcher" daemon [_thread_blocked, id=5636, stack(0x0000008e0cf00000,0x0000008e0d000000)]
  0x000002497fe92000 JavaThread "Attach Listener" daemon [_thread_blocked, id=3656, stack(0x0000008e0d000000,0x0000008e0d100000)]
  0x000002497fe9c000 JavaThread "C2 CompilerThread0" daemon [_thread_blocked, id=4248, stack(0x0000008e0d100000,0x0000008e0d200000)]
  0x000002497fea3000 JavaThread "C1 CompilerThread0" daemon [_thread_blocked, id=13204, stack(0x0000008e0d200000,0x0000008e0d300000)]
  0x000002497fea4000 JavaThread "Sweeper thread" daemon [_thread_blocked, id=12312, stack(0x0000008e0d300000,0x0000008e0d400000)]
  0x0000024915920800 JavaThread "Common-Cleaner" daemon [_thread_blocked, id=11044, stack(0x0000008e0d400000,0x0000008e0d500000)]
  0x0000024915edc000 JavaThread "JDWP Transport Listener: dt_socket" daemon [_thread_blocked, id=10972, stack(0x0000008e0d500000,0x0000008e0d600000)] _threads_hazard_ptr=0x000002491daded30
  0x00000249159d3800 JavaThread "JDWP Event Helper Thread" daemon [_thread_blocked, id=12784, stack(0x0000008e0d600000,0x0000008e0d700000)]
  0x000002491599a800 JavaThread "JDWP Command Reader" daemon [_thread_in_native, id=12788, stack(0x0000008e0d700000,0x0000008e0d800000)]
  0x0000024915921000 JavaThread "Service Thread" daemon [_thread_blocked, id=12608, stack(0x0000008e0d800000,0x0000008e0d900000)]
  0x0000024915922000 JavaThread "Catalina-utility-1" [_thread_blocked, id=3908, stack(0x0000008e0dd00000,0x0000008e0de00000)]
  0x000002491591d000 JavaThread "Catalina-utility-2" [_thread_blocked, id=10828, stack(0x0000008e0df00000,0x0000008e0e000000)]
  0x000002491591f800 JavaThread "container-0" [_thread_blocked, id=3360, stack(0x0000008e0e000000,0x0000008e0e100000)]
  0x000002491591e000 JavaThread "mysql-cj-abandoned-connection-cleanup" daemon [_thread_blocked, id=8576, stack(0x0000008e0e100000,0x0000008e0e200000)]
  0x0000024915923000 JavaThread "HikariPool-1 housekeeper" daemon [_thread_blocked, id=436, stack(0x0000008e0e300000,0x0000008e0e400000)]
  0x000002491591e800 JavaThread "http-nio-8080-BlockPoller" daemon [_thread_in_native, id=6636, stack(0x0000008e0e400000,0x0000008e0e500000)]
  0x00000249163a9000 JavaThread "http-nio-8080-exec-1" daemon [_thread_blocked, id=7692, stack(0x0000008e0e500000,0x0000008e0e600000)]
  0x00000249163a3000 JavaThread "http-nio-8080-exec-2" daemon [_thread_blocked, id=4532, stack(0x0000008e0e600000,0x0000008e0e700000)]
  0x00000249163a5800 JavaThread "http-nio-8080-exec-3" daemon [_thread_blocked, id=7712, stack(0x0000008e0e700000,0x0000008e0e800000)]
  0x00000249163a8000 JavaThread "http-nio-8080-exec-4" daemon [_thread_blocked, id=7428, stack(0x0000008e0e800000,0x0000008e0e900000)]
  0x00000249163a6800 JavaThread "http-nio-8080-exec-5" daemon [_thread_blocked, id=8976, stack(0x0000008e0e900000,0x0000008e0ea00000)]
  0x00000249163a9800 JavaThread "http-nio-8080-exec-6" daemon [_thread_blocked, id=9476, stack(0x0000008e0ea00000,0x0000008e0eb00000)]
  0x00000249163a7000 JavaThread "http-nio-8080-exec-7" daemon [_thread_blocked, id=11308, stack(0x0000008e0eb00000,0x0000008e0ec00000)]
  0x00000249163a4000 JavaThread "http-nio-8080-exec-8" daemon [_thread_blocked, id=11588, stack(0x0000008e0ec00000,0x0000008e0ed00000)]
  0x00000249163aa800 JavaThread "http-nio-8080-exec-9" daemon [_thread_blocked, id=10544, stack(0x0000008e0ed00000,0x0000008e0ee00000)]
  0x00000249163a5000 JavaThread "http-nio-8080-exec-10" daemon [_thread_blocked, id=12876, stack(0x0000008e0ee00000,0x0000008e0ef00000)]
  0x00000249163af800 JavaThread "http-nio-8080-ClientPoller" daemon [_thread_in_native, id=12568, stack(0x0000008e0ef00000,0x0000008e0f000000)]
  0x00000249163ab800 JavaThread "http-nio-8080-Acceptor" daemon [_thread_in_native, id=2944, stack(0x0000008e0f000000,0x0000008e0f100000)]
  0x00000249163b0000 JavaThread "DestroyJavaVM" [_thread_blocked, id=3200, stack(0x0000008e0c600000,0x0000008e0c700000)]

Other Threads:
=>0x000002497fe54800 VMThread "VM Thread" [stack: 0x0000008e0cc00000,0x0000008e0cd00000] [id=11788]
  0x000002491616e800 WatcherThread [stack: 0x0000008e0d900000,0x0000008e0da00000] [id=1440]
  0x00000249766ba000 GCTaskThread "GC Thread#0" [stack: 0x0000008e0c700000,0x0000008e0c800000] [id=13192]
  0x000002491628a000 GCTaskThread "GC Thread#1" [stack: 0x0000008e0db00000,0x0000008e0dc00000] [id=2628]
  0x0000024916288800 GCTaskThread "GC Thread#2" [stack: 0x0000008e0dc00000,0x0000008e0dd00000] [id=12648]
  0x000002491628a800 GCTaskThread "GC Thread#3" [stack: 0x0000008e0de00000,0x0000008e0df00000] [id=8584]
  0x00000249766e9000 ConcurrentGCThread "G1 Main Marker" [stack: 0x0000008e0c800000,0x0000008e0c900000] [id=6448]
  0x00000249766ef800 ConcurrentGCThread "G1 Conc#0" [stack: 0x0000008e0c900000,0x0000008e0ca00000] [id=13068]
  0x000002497676e000 ConcurrentGCThread "G1 Refine#0" [stack: 0x0000008e0ca00000,0x0000008e0cb00000] [id=9884]
  0x000002497fcc2800 ConcurrentGCThread "G1 Young RemSet Sampling" [stack: 0x0000008e0cb00000,0x0000008e0cc00000] [id=9816]

Threads with active compile tasks:

VM state:at safepoint (normal execution)

VM Mutex/Monitor currently owned by a thread:  ([mutex/lock_event])
[0x000002497669cc40] Threads_lock - owner thread: 0x000002497fe54800

Heap address: 0x0000000081600000, size: 2026 MB, Compressed Oops mode: 32-bit
Narrow klass base: 0x0000000000000000, Narrow klass shift: 3
Compressed class space size: 1073741824 Address: 0x0000000100000000

Heap:
 garbage-first heap   total 227328K, used 80967K [0x0000000081600000, 0x0000000100000000)
  region size 1024K, 58 young (59392K), 12 survivors (12288K)
 Metaspace       used 81174K, capacity 82948K, committed 83160K, reserved 1122304K
  class space    used 10050K, capacity 10729K, committed 10752K, reserved 1048576K
Heap Regions: E=young(eden), S=young(survivor), O=old, HS=humongous(starts), HC=humongous(continues), CS=collection set, F=free, A=archive, TAMS=top-at-mark-start (previous, next)
|   0|0x0000000081600000, 0x0000000081700000, 0x0000000081700000|100%|HS|  |TAMS 0x0000000081700000, 0x0000000081600000| Complete 
|   1|0x0000000081700000, 0x0000000081800000, 0x0000000081800000|100%| O|  |TAMS 0x0000000081800000, 0x0000000081700000| Untracked 
|   2|0x0000000081800000, 0x0000000081900000, 0x0000000081900000|100%| O|  |TAMS 0x0000000081900000, 0x0000000081800000| Untracked 
|   3|0x0000000081900000, 0x0000000081a00000, 0x0000000081a00000|100%| O|  |TAMS 0x0000000081a00000, 0x0000000081900000| Untracked 
|   4|0x0000000081a00000, 0x0000000081b00000, 0x0000000081b00000|100%| O|  |TAMS 0x0000000081b00000, 0x0000000081a00000| Untracked 
|   5|0x0000000081b00000, 0x0000000081c00000, 0x0000000081c00000|100%| O|  |TAMS 0x0000000081c00000, 0x0000000081b00000| Untracked 
|   6|0x0000000081c00000, 0x0000000081d00000, 0x0000000081d00000|100%| O|  |TAMS 0x0000000081d00000, 0x0000000081c00000| Untracked 
|   7|0x0000000081d00000, 0x0000000081e00000, 0x0000000081e00000|100%| O|  |TAMS 0x0000000081e00000, 0x0000000081d00000| Untracked 
|   8|0x0000000081e00000, 0x0000000081f00000, 0x0000000081f00000|100%| O|  |TAMS 0x0000000081f00000, 0x0000000081e00000| Untracked 
|   9|0x0000000081f00000, 0x0000000082000000, 0x0000000082000000|100%| O|  |TAMS 0x0000000082000000, 0x0000000081f00000| Untracked 
|  10|0x0000000082000000, 0x0000000082100000, 0x0000000082100000|100%| O|  |TAMS 0x0000000082100000, 0x0000000082000000| Untracked 
|  11|0x0000000082100000, 0x0000000082200000, 0x0000000082200000|100%| O|  |TAMS 0x0000000082200000, 0x0000000082100000| Untracked 
|  12|0x0000000082200000, 0x0000000082300000, 0x0000000082300000|100%| O|  |TAMS 0x0000000082300000, 0x0000000082200000| Untracked 
|  13|0x0000000082300000, 0x0000000082400000, 0x0000000082400000|100%| O|  |TAMS 0x0000000082400000, 0x0000000082300000| Untracked 
|  14|0x0000000082400000, 0x0000000082500000, 0x0000000082500000|100%| O|  |TAMS 0x0000000082500000, 0x0000000082400000| Untracked 
|  15|0x0000000082500000, 0x0000000082600000, 0x0000000082600000|100%| O|  |TAMS 0x0000000082600000, 0x0000000082500000| Untracked 
|  16|0x0000000082600000, 0x0000000082700000, 0x0000000082700000|100%| O|  |TAMS 0x0000000082700000, 0x0000000082600000| Untracked 
|  17|0x0000000082700000, 0x0000000082800000, 0x0000000082800000|100%| O|  |TAMS 0x0000000082800000, 0x0000000082700000| Untracked 
|  18|0x0000000082800000, 0x0000000082900000, 0x0000000082900000|100%| O|  |TAMS 0x0000000082900000, 0x0000000082800000| Untracked 
|  19|0x0000000082900000, 0x0000000082a00000, 0x0000000082a00000|100%| O|  |TAMS 0x0000000082a00000, 0x0000000082900000| Untracked 
|  20|0x0000000082a00000, 0x0000000082b00000, 0x0000000082b00000|100%| O|  |TAMS 0x0000000082b00000, 0x0000000082a00000| Untracked 
|  21|0x0000000082b00000, 0x0000000082c00000, 0x0000000082c00000|100%| O|  |TAMS 0x0000000082c00000, 0x0000000082b00000| Untracked 
|  22|0x0000000082c00000, 0x0000000082c2f800, 0x0000000082d00000| 18%| O|  |TAMS 0x0000000082c2f800, 0x0000000082c00000| Untracked 
|  23|0x0000000082d00000, 0x0000000082d00000, 0x0000000082e00000|  0%| F|  |TAMS 0x0000000082d00000, 0x0000000082d00000| Untracked 
|  24|0x0000000082e00000, 0x0000000082e00000, 0x0000000082f00000|  0%| F|  |TAMS 0x0000000082e00000, 0x0000000082e00000| Untracked 
|  25|0x0000000082f00000, 0x0000000082f00000, 0x0000000083000000|  0%| F|  |TAMS 0x0000000082f00000, 0x0000000082f00000| Untracked 
|  26|0x0000000083000000, 0x0000000083000000, 0x0000000083100000|  0%| F|  |TAMS 0x0000000083000000, 0x0000000083000000| Untracked 
|  27|0x0000000083100000, 0x0000000083100000, 0x0000000083200000|  0%| F|  |TAMS 0x0000000083100000, 0x0000000083100000| Untracked 
|  28|0x0000000083200000, 0x0000000083200000, 0x0000000083300000|  0%| F|  |TAMS 0x0000000083200000, 0x0000000083200000| Untracked 
|  29|0x0000000083300000, 0x0000000083300000, 0x0000000083400000|  0%| F|  |TAMS 0x0000000083300000, 0x0000000083300000| Untracked 
|  30|0x0000000083400000, 0x0000000083400000, 0x0000000083500000|  0%| F|  |TAMS 0x0000000083400000, 0x0000000083400000| Untracked 
|  31|0x0000000083500000, 0x0000000083500000, 0x0000000083600000|  0%| F|  |TAMS 0x0000000083500000, 0x0000000083500000| Untracked 
|  32|0x0000000083600000, 0x0000000083600000, 0x0000000083700000|  0%| F|  |TAMS 0x0000000083600000, 0x0000000083600000| Untracked 
|  33|0x0000000083700000, 0x0000000083700000, 0x0000000083800000|  0%| F|  |TAMS 0x0000000083700000, 0x0000000083700000| Untracked 
|  34|0x0000000083800000, 0x0000000083800000, 0x0000000083900000|  0%| F|  |TAMS 0x0000000083800000, 0x0000000083800000| Untracked 
|  35|0x0000000083900000, 0x0000000083900000, 0x0000000083a00000|  0%| F|  |TAMS 0x0000000083900000, 0x0000000083900000| Untracked 
|  36|0x0000000083a00000, 0x0000000083a00000, 0x0000000083b00000|  0%| F|  |TAMS 0x0000000083a00000, 0x0000000083a00000| Untracked 
|  37|0x0000000083b00000, 0x0000000083b00000, 0x0000000083c00000|  0%| F|  |TAMS 0x0000000083b00000, 0x0000000083b00000| Untracked 
|  38|0x0000000083c00000, 0x0000000083c00000, 0x0000000083d00000|  0%| F|  |TAMS 0x0000000083c00000, 0x0000000083c00000| Untracked 
|  39|0x0000000083d00000, 0x0000000083d00000, 0x0000000083e00000|  0%| F|  |TAMS 0x0000000083d00000, 0x0000000083d00000| Untracked 
|  40|0x0000000083e00000, 0x0000000083e00000, 0x0000000083f00000|  0%| F|  |TAMS 0x0000000083e00000, 0x0000000083e00000| Untracked 
|  41|0x0000000083f00000, 0x0000000083f00000, 0x0000000084000000|  0%| F|  |TAMS 0x0000000083f00000, 0x0000000083f00000| Untracked 
|  42|0x0000000084000000, 0x0000000084000000, 0x0000000084100000|  0%| F|  |TAMS 0x0000000084000000, 0x0000000084000000| Untracked 
|  43|0x0000000084100000, 0x0000000084100000, 0x0000000084200000|  0%| F|  |TAMS 0x0000000084100000, 0x0000000084100000| Untracked 
|  44|0x0000000084200000, 0x0000000084200000, 0x0000000084300000|  0%| F|  |TAMS 0x0000000084200000, 0x0000000084200000| Untracked 
|  45|0x0000000084300000, 0x0000000084300000, 0x0000000084400000|  0%| F|  |TAMS 0x0000000084300000, 0x0000000084300000| Untracked 
|  46|0x0000000084400000, 0x0000000084400000, 0x0000000084500000|  0%| F|  |TAMS 0x0000000084400000, 0x0000000084400000| Untracked 
|  47|0x0000000084500000, 0x0000000084500000, 0x0000000084600000|  0%| F|  |TAMS 0x0000000084500000, 0x0000000084500000| Untracked 
|  48|0x0000000084600000, 0x0000000084600000, 0x0000000084700000|  0%| F|  |TAMS 0x0000000084600000, 0x0000000084600000| Untracked 
|  49|0x0000000084700000, 0x0000000084700000, 0x0000000084800000|  0%| F|  |TAMS 0x0000000084700000, 0x0000000084700000| Untracked 
|  50|0x0000000084800000, 0x0000000084800000, 0x0000000084900000|  0%| F|  |TAMS 0x0000000084800000, 0x0000000084800000| Untracked 
|  51|0x0000000084900000, 0x0000000084900000, 0x0000000084a00000|  0%| F|  |TAMS 0x0000000084900000, 0x0000000084900000| Untracked 
|  52|0x0000000084a00000, 0x0000000084a00000, 0x0000000084b00000|  0%| F|  |TAMS 0x0000000084a00000, 0x0000000084a00000| Untracked 
|  53|0x0000000084b00000, 0x0000000084b00000, 0x0000000084c00000|  0%| F|  |TAMS 0x0000000084b00000, 0x0000000084b00000| Untracked 
|  54|0x0000000084c00000, 0x0000000084c00000, 0x0000000084d00000|  0%| F|  |TAMS 0x0000000084c00000, 0x0000000084c00000| Untracked 
|  55|0x0000000084d00000, 0x0000000084d00000, 0x0000000084e00000|  0%| F|  |TAMS 0x0000000084d00000, 0x0000000084d00000| Untracked 
|  56|0x0000000084e00000, 0x0000000084e00000, 0x0000000084f00000|  0%| F|  |TAMS 0x0000000084e00000, 0x0000000084e00000| Untracked 
|  57|0x0000000084f00000, 0x0000000084f00000, 0x0000000085000000|  0%| F|  |TAMS 0x0000000084f00000, 0x0000000084f00000| Untracked 
|  58|0x0000000085000000, 0x0000000085000000, 0x0000000085100000|  0%| F|  |TAMS 0x0000000085000000, 0x0000000085000000| Untracked 
|  59|0x0000000085100000, 0x0000000085100000, 0x0000000085200000|  0%| F|  |TAMS 0x0000000085100000, 0x0000000085100000| Untracked 
|  60|0x0000000085200000, 0x0000000085200000, 0x0000000085300000|  0%| F|  |TAMS 0x0000000085200000, 0x0000000085200000| Untracked 
|  61|0x0000000085300000, 0x0000000085300000, 0x0000000085400000|  0%| F|  |TAMS 0x0000000085300000, 0x0000000085300000| Untracked 
|  62|0x0000000085400000, 0x0000000085400000, 0x0000000085500000|  0%| F|  |TAMS 0x0000000085400000, 0x0000000085400000| Untracked 
|  63|0x0000000085500000, 0x0000000085500000, 0x0000000085600000|  0%| F|  |TAMS 0x0000000085500000, 0x0000000085500000| Untracked 
|  64|0x0000000085600000, 0x0000000085600000, 0x0000000085700000|  0%| F|  |TAMS 0x0000000085600000, 0x0000000085600000| Untracked 
|  65|0x0000000085700000, 0x0000000085700000, 0x0000000085800000|  0%| F|  |TAMS 0x0000000085700000, 0x0000000085700000| Untracked 
|  66|0x0000000085800000, 0x0000000085800000, 0x0000000085900000|  0%| F|  |TAMS 0x0000000085800000, 0x0000000085800000| Untracked 
|  67|0x0000000085900000, 0x0000000085900000, 0x0000000085a00000|  0%| F|  |TAMS 0x0000000085900000, 0x0000000085900000| Untracked 
|  68|0x0000000085a00000, 0x0000000085a00000, 0x0000000085b00000|  0%| F|  |TAMS 0x0000000085a00000, 0x0000000085a00000| Untracked 
|  69|0x0000000085b00000, 0x0000000085b00000, 0x0000000085c00000|  0%| F|  |TAMS 0x0000000085b00000, 0x0000000085b00000| Untracked 
|  70|0x0000000085c00000, 0x0000000085c00000, 0x0000000085d00000|  0%| F|  |TAMS 0x0000000085c00000, 0x0000000085c00000| Untracked 
|  71|0x0000000085d00000, 0x0000000085d00000, 0x0000000085e00000|  0%| F|  |TAMS 0x0000000085d00000, 0x0000000085d00000| Untracked 
|  72|0x0000000085e00000, 0x0000000085e00000, 0x0000000085f00000|  0%| F|  |TAMS 0x0000000085e00000, 0x0000000085e00000| Untracked 
|  73|0x0000000085f00000, 0x0000000085f00000, 0x0000000086000000|  0%| F|  |TAMS 0x0000000085f00000, 0x0000000085f00000| Untracked 
|  74|0x0000000086000000, 0x0000000086000000, 0x0000000086100000|  0%| F|  |TAMS 0x0000000086000000, 0x0000000086000000| Untracked 
|  75|0x0000000086100000, 0x0000000086100000, 0x0000000086200000|  0%| F|  |TAMS 0x0000000086100000, 0x0000000086100000| Untracked 
|  76|0x0000000086200000, 0x0000000086200000, 0x0000000086300000|  0%| F|  |TAMS 0x0000000086200000, 0x0000000086200000| Untracked 
|  77|0x0000000086300000, 0x00000000863e2770, 0x0000000086400000| 88%| S|CS|TAMS 0x0000000086300000, 0x0000000086300000| Complete 
|  78|0x0000000086400000, 0x0000000086500000, 0x0000000086500000|100%| S|CS|TAMS 0x0000000086400000, 0x0000000086400000| Complete 
|  79|0x0000000086500000, 0x0000000086600000, 0x0000000086600000|100%| S|CS|TAMS 0x0000000086500000, 0x0000000086500000| Complete 
|  80|0x0000000086600000, 0x0000000086700000, 0x0000000086700000|100%| S|CS|TAMS 0x0000000086600000, 0x0000000086600000| Complete 
|  81|0x0000000086700000, 0x0000000086800000, 0x0000000086800000|100%| S|CS|TAMS 0x0000000086700000, 0x0000000086700000| Complete 
|  82|0x0000000086800000, 0x0000000086800000, 0x0000000086900000|  0%| F|  |TAMS 0x0000000086800000, 0x0000000086800000| Untracked 
|  83|0x0000000086900000, 0x0000000086900000, 0x0000000086a00000|  0%| F|  |TAMS 0x0000000086900000, 0x0000000086900000| Untracked 
|  84|0x0000000086a00000, 0x0000000086a00000, 0x0000000086b00000|  0%| F|  |TAMS 0x0000000086a00000, 0x0000000086a00000| Untracked 
|  85|0x0000000086b00000, 0x0000000086b00000, 0x0000000086c00000|  0%| F|  |TAMS 0x0000000086b00000, 0x0000000086b00000| Untracked 
|  86|0x0000000086c00000, 0x0000000086c00000, 0x0000000086d00000|  0%| F|  |TAMS 0x0000000086c00000, 0x0000000086c00000| Untracked 
|  87|0x0000000086d00000, 0x0000000086d00000, 0x0000000086e00000|  0%| F|  |TAMS 0x0000000086d00000, 0x0000000086d00000| Untracked 
|  88|0x0000000086e00000, 0x0000000086e00000, 0x0000000086f00000|  0%| F|  |TAMS 0x0000000086e00000, 0x0000000086e00000| Untracked 
|  89|0x0000000086f00000, 0x0000000086f00000, 0x0000000087000000|  0%| F|  |TAMS 0x0000000086f00000, 0x0000000086f00000| Untracked 
|  90|0x0000000087000000, 0x0000000087100000, 0x0000000087100000|100%| S|CS|TAMS 0x0000000087000000, 0x0000000087000000| Complete 
|  91|0x0000000087100000, 0x0000000087200000, 0x0000000087200000|100%| S|CS|TAMS 0x0000000087100000, 0x0000000087100000| Complete 
|  92|0x0000000087200000, 0x0000000087300000, 0x0000000087300000|100%| S|CS|TAMS 0x0000000087200000, 0x0000000087200000| Complete 
|  93|0x0000000087300000, 0x0000000087400000, 0x0000000087400000|100%| S|CS|TAMS 0x0000000087300000, 0x0000000087300000| Complete 
|  94|0x0000000087400000, 0x0000000087500000, 0x0000000087500000|100%| S|CS|TAMS 0x0000000087400000, 0x0000000087400000| Complete 
|  95|0x0000000087500000, 0x0000000087600000, 0x0000000087600000|100%| S|CS|TAMS 0x0000000087500000, 0x0000000087500000| Complete 
|  96|0x0000000087600000, 0x0000000087700000, 0x0000000087700000|100%| S|CS|TAMS 0x0000000087600000, 0x0000000087600000| Complete 
|  97|0x0000000087700000, 0x0000000087700000, 0x0000000087800000|  0%| F|  |TAMS 0x0000000087700000, 0x0000000087700000| Untracked 
|  98|0x0000000087800000, 0x0000000087800000, 0x0000000087900000|  0%| F|  |TAMS 0x0000000087800000, 0x0000000087800000| Untracked 
|  99|0x0000000087900000, 0x0000000087900000, 0x0000000087a00000|  0%| F|  |TAMS 0x0000000087900000, 0x0000000087900000| Untracked 
| 100|0x0000000087a00000, 0x0000000087a00000, 0x0000000087b00000|  0%| F|  |TAMS 0x0000000087a00000, 0x0000000087a00000| Untracked 
| 101|0x0000000087b00000, 0x0000000087b00000, 0x0000000087c00000|  0%| F|  |TAMS 0x0000000087b00000, 0x0000000087b00000| Untracked 
| 102|0x0000000087c00000, 0x0000000087c00000, 0x0000000087d00000|  0%| F|  |TAMS 0x0000000087c00000, 0x0000000087c00000| Untracked 
| 103|0x0000000087d00000, 0x0000000087d00000, 0x0000000087e00000|  0%| F|  |TAMS 0x0000000087d00000, 0x0000000087d00000| Untracked 
| 104|0x0000000087e00000, 0x0000000087e00000, 0x0000000087f00000|  0%| F|  |TAMS 0x0000000087e00000, 0x0000000087e00000| Untracked 
| 105|0x0000000087f00000, 0x0000000087f00000, 0x0000000088000000|  0%| F|  |TAMS 0x0000000087f00000, 0x0000000087f00000| Untracked 
| 106|0x0000000088000000, 0x0000000088000000, 0x0000000088100000|  0%| F|  |TAMS 0x0000000088000000, 0x0000000088000000| Untracked 
| 107|0x0000000088100000, 0x0000000088100000, 0x0000000088200000|  0%| F|  |TAMS 0x0000000088100000, 0x0000000088100000| Untracked 
| 108|0x0000000088200000, 0x0000000088200000, 0x0000000088300000|  0%| F|  |TAMS 0x0000000088200000, 0x0000000088200000| Untracked 
| 109|0x0000000088300000, 0x0000000088300000, 0x0000000088400000|  0%| F|  |TAMS 0x0000000088300000, 0x0000000088300000| Untracked 
| 110|0x0000000088400000, 0x0000000088400000, 0x0000000088500000|  0%| F|  |TAMS 0x0000000088400000, 0x0000000088400000| Untracked 
| 111|0x0000000088500000, 0x0000000088500000, 0x0000000088600000|  0%| F|  |TAMS 0x0000000088500000, 0x0000000088500000| Untracked 
| 112|0x0000000088600000, 0x0000000088600000, 0x0000000088700000|  0%| F|  |TAMS 0x0000000088600000, 0x0000000088600000| Untracked 
| 113|0x0000000088700000, 0x0000000088700000, 0x0000000088800000|  0%| F|  |TAMS 0x0000000088700000, 0x0000000088700000| Untracked 
| 114|0x0000000088800000, 0x0000000088800000, 0x0000000088900000|  0%| F|  |TAMS 0x0000000088800000, 0x0000000088800000| Untracked 
| 115|0x0000000088900000, 0x0000000088900000, 0x0000000088a00000|  0%| F|  |TAMS 0x0000000088900000, 0x0000000088900000| Untracked 
| 116|0x0000000088a00000, 0x0000000088a00000, 0x0000000088b00000|  0%| F|  |TAMS 0x0000000088a00000, 0x0000000088a00000| Untracked 
| 117|0x0000000088b00000, 0x0000000088b00000, 0x0000000088c00000|  0%| F|  |TAMS 0x0000000088b00000, 0x0000000088b00000| Untracked 
| 118|0x0000000088c00000, 0x0000000088c00000, 0x0000000088d00000|  0%| F|  |TAMS 0x0000000088c00000, 0x0000000088c00000| Untracked 
| 119|0x0000000088d00000, 0x0000000088d00000, 0x0000000088e00000|  0%| F|  |TAMS 0x0000000088d00000, 0x0000000088d00000| Untracked 
| 120|0x0000000088e00000, 0x0000000088e00000, 0x0000000088f00000|  0%| F|  |TAMS 0x0000000088e00000, 0x0000000088e00000| Untracked 
| 121|0x0000000088f00000, 0x0000000088f00000, 0x0000000089000000|  0%| F|  |TAMS 0x0000000088f00000, 0x0000000088f00000| Untracked 
| 122|0x0000000089000000, 0x0000000089000000, 0x0000000089100000|  0%| F|  |TAMS 0x0000000089000000, 0x0000000089000000| Untracked 
| 123|0x0000000089100000, 0x0000000089100000, 0x0000000089200000|  0%| F|  |TAMS 0x0000000089100000, 0x0000000089100000| Untracked 
| 124|0x0000000089200000, 0x0000000089200000, 0x0000000089300000|  0%| F|  |TAMS 0x0000000089200000, 0x0000000089200000| Untracked 
| 125|0x0000000089300000, 0x0000000089300000, 0x0000000089400000|  0%| F|  |TAMS 0x0000000089300000, 0x0000000089300000| Untracked 
| 126|0x0000000089400000, 0x0000000089400000, 0x0000000089500000|  0%| F|  |TAMS 0x0000000089400000, 0x0000000089400000| Untracked 
| 127|0x0000000089500000, 0x0000000089500000, 0x0000000089600000|  0%| F|  |TAMS 0x0000000089500000, 0x0000000089500000| Untracked 
| 128|0x0000000089600000, 0x0000000089600000, 0x0000000089700000|  0%| F|  |TAMS 0x0000000089600000, 0x0000000089600000| Untracked 
| 129|0x0000000089700000, 0x0000000089700000, 0x0000000089800000|  0%| F|  |TAMS 0x0000000089700000, 0x0000000089700000| Untracked 
| 130|0x0000000089800000, 0x0000000089800000, 0x0000000089900000|  0%| F|  |TAMS 0x0000000089800000, 0x0000000089800000| Untracked 
| 131|0x0000000089900000, 0x0000000089900000, 0x0000000089a00000|  0%| F|  |TAMS 0x0000000089900000, 0x0000000089900000| Untracked 
| 132|0x0000000089a00000, 0x0000000089a00000, 0x0000000089b00000|  0%| F|  |TAMS 0x0000000089a00000, 0x0000000089a00000| Untracked 
| 133|0x0000000089b00000, 0x0000000089b00000, 0x0000000089c00000|  0%| F|  |TAMS 0x0000000089b00000, 0x0000000089b00000| Untracked 
| 134|0x0000000089c00000, 0x0000000089c00000, 0x0000000089d00000|  0%| F|  |TAMS 0x0000000089c00000, 0x0000000089c00000| Untracked 
| 135|0x0000000089d00000, 0x0000000089d00000, 0x0000000089e00000|  0%| F|  |TAMS 0x0000000089d00000, 0x0000000089d00000| Untracked 
| 136|0x0000000089e00000, 0x0000000089e00000, 0x0000000089f00000|  0%| F|  |TAMS 0x0000000089e00000, 0x0000000089e00000| Untracked 
| 137|0x0000000089f00000, 0x0000000089f00000, 0x000000008a000000|  0%| F|  |TAMS 0x0000000089f00000, 0x0000000089f00000| Untracked 
| 138|0x000000008a000000, 0x000000008a000000, 0x000000008a100000|  0%| F|  |TAMS 0x000000008a000000, 0x000000008a000000| Untracked 
| 139|0x000000008a100000, 0x000000008a100000, 0x000000008a200000|  0%| F|  |TAMS 0x000000008a100000, 0x000000008a100000| Untracked 
| 140|0x000000008a200000, 0x000000008a200000, 0x000000008a300000|  0%| F|  |TAMS 0x000000008a200000, 0x000000008a200000| Untracked 
| 141|0x000000008a300000, 0x000000008a300000, 0x000000008a400000|  0%| F|  |TAMS 0x000000008a300000, 0x000000008a300000| Untracked 
| 142|0x000000008a400000, 0x000000008a400000, 0x000000008a500000|  0%| F|  |TAMS 0x000000008a400000, 0x000000008a400000| Untracked 
| 143|0x000000008a500000, 0x000000008a500000, 0x000000008a600000|  0%| F|  |TAMS 0x000000008a500000, 0x000000008a500000| Untracked 
| 144|0x000000008a600000, 0x000000008a600000, 0x000000008a700000|  0%| F|  |TAMS 0x000000008a600000, 0x000000008a600000| Untracked 
| 145|0x000000008a700000, 0x000000008a700000, 0x000000008a800000|  0%| F|  |TAMS 0x000000008a700000, 0x000000008a700000| Untracked 
| 146|0x000000008a800000, 0x000000008a800000, 0x000000008a900000|  0%| F|  |TAMS 0x000000008a800000, 0x000000008a800000| Untracked 
| 147|0x000000008a900000, 0x000000008a900000, 0x000000008aa00000|  0%| F|  |TAMS 0x000000008a900000, 0x000000008a900000| Untracked 
| 148|0x000000008aa00000, 0x000000008aa00000, 0x000000008ab00000|  0%| F|  |TAMS 0x000000008aa00000, 0x000000008aa00000| Untracked 
| 149|0x000000008ab00000, 0x000000008ab00000, 0x000000008ac00000|  0%| F|  |TAMS 0x000000008ab00000, 0x000000008ab00000| Untracked 
| 150|0x000000008ac00000, 0x000000008ac00000, 0x000000008ad00000|  0%| F|  |TAMS 0x000000008ac00000, 0x000000008ac00000| Untracked 
| 151|0x000000008ad00000, 0x000000008ad00000, 0x000000008ae00000|  0%| F|  |TAMS 0x000000008ad00000, 0x000000008ad00000| Untracked 
| 152|0x000000008ae00000, 0x000000008ae00000, 0x000000008af00000|  0%| F|  |TAMS 0x000000008ae00000, 0x000000008ae00000| Untracked 
| 153|0x000000008af00000, 0x000000008af00000, 0x000000008b000000|  0%| F|  |TAMS 0x000000008af00000, 0x000000008af00000| Untracked 
| 154|0x000000008b000000, 0x000000008b000000, 0x000000008b100000|  0%| F|  |TAMS 0x000000008b000000, 0x000000008b000000| Untracked 
| 155|0x000000008b100000, 0x000000008b100000, 0x000000008b200000|  0%| F|  |TAMS 0x000000008b100000, 0x000000008b100000| Untracked 
| 156|0x000000008b200000, 0x000000008b200000, 0x000000008b300000|  0%| F|  |TAMS 0x000000008b200000, 0x000000008b200000| Untracked 
| 157|0x000000008b300000, 0x000000008b300000, 0x000000008b400000|  0%| F|  |TAMS 0x000000008b300000, 0x000000008b300000| Untracked 
| 158|0x000000008b400000, 0x000000008b400000, 0x000000008b500000|  0%| F|  |TAMS 0x000000008b400000, 0x000000008b400000| Untracked 
| 159|0x000000008b500000, 0x000000008b500000, 0x000000008b600000|  0%| F|  |TAMS 0x000000008b500000, 0x000000008b500000| Untracked 
| 160|0x000000008b600000, 0x000000008b600000, 0x000000008b700000|  0%| F|  |TAMS 0x000000008b600000, 0x000000008b600000| Untracked 
| 161|0x000000008b700000, 0x000000008b700000, 0x000000008b800000|  0%| F|  |TAMS 0x000000008b700000, 0x000000008b700000| Untracked 
| 162|0x000000008b800000, 0x000000008b800000, 0x000000008b900000|  0%| F|  |TAMS 0x000000008b800000, 0x000000008b800000| Untracked 
| 163|0x000000008b900000, 0x000000008b900000, 0x000000008ba00000|  0%| F|  |TAMS 0x000000008b900000, 0x000000008b900000| Untracked 
| 164|0x000000008ba00000, 0x000000008ba00000, 0x000000008bb00000|  0%| F|  |TAMS 0x000000008ba00000, 0x000000008ba00000| Untracked 
| 165|0x000000008bb00000, 0x000000008bb00000, 0x000000008bc00000|  0%| F|  |TAMS 0x000000008bb00000, 0x000000008bb00000| Untracked 
| 166|0x000000008bc00000, 0x000000008bc00000, 0x000000008bd00000|  0%| F|  |TAMS 0x000000008bc00000, 0x000000008bc00000| Untracked 
| 167|0x000000008bd00000, 0x000000008bd00000, 0x000000008be00000|  0%| F|  |TAMS 0x000000008bd00000, 0x000000008bd00000| Untracked 
| 168|0x000000008be00000, 0x000000008be00000, 0x000000008bf00000|  0%| F|  |TAMS 0x000000008be00000, 0x000000008be00000| Untracked 
| 169|0x000000008bf00000, 0x000000008bf00000, 0x000000008c000000|  0%| F|  |TAMS 0x000000008bf00000, 0x000000008bf00000| Untracked 
| 170|0x000000008c000000, 0x000000008c000000, 0x000000008c100000|  0%| F|  |TAMS 0x000000008c000000, 0x000000008c000000| Untracked 
| 171|0x000000008c100000, 0x000000008c100000, 0x000000008c200000|  0%| F|  |TAMS 0x000000008c100000, 0x000000008c100000| Untracked 
| 172|0x000000008c200000, 0x000000008c200000, 0x000000008c300000|  0%| F|  |TAMS 0x000000008c200000, 0x000000008c200000| Untracked 
| 173|0x000000008c300000, 0x000000008c300000, 0x000000008c400000|  0%| F|  |TAMS 0x000000008c300000, 0x000000008c300000| Untracked 
| 174|0x000000008c400000, 0x000000008c400000, 0x000000008c500000|  0%| F|  |TAMS 0x000000008c400000, 0x000000008c400000| Untracked 
| 175|0x000000008c500000, 0x000000008c500000, 0x000000008c600000|  0%| F|  |TAMS 0x000000008c500000, 0x000000008c500000| Untracked 
| 176|0x000000008c600000, 0x000000008c620e98, 0x000000008c700000| 12%| E|  |TAMS 0x000000008c600000, 0x000000008c600000| Complete 
| 177|0x000000008c700000, 0x000000008c800000, 0x000000008c800000|100%| E|CS|TAMS 0x000000008c700000, 0x000000008c700000| Complete 
| 178|0x000000008c800000, 0x000000008c900000, 0x000000008c900000|100%| E|CS|TAMS 0x000000008c800000, 0x000000008c800000| Complete 
| 179|0x000000008c900000, 0x000000008ca00000, 0x000000008ca00000|100%| E|CS|TAMS 0x000000008c900000, 0x000000008c900000| Complete 
| 180|0x000000008ca00000, 0x000000008cb00000, 0x000000008cb00000|100%| E|CS|TAMS 0x000000008ca00000, 0x000000008ca00000| Complete 
| 181|0x000000008cb00000, 0x000000008cc00000, 0x000000008cc00000|100%| E|CS|TAMS 0x000000008cb00000, 0x000000008cb00000| Complete 
| 182|0x000000008cc00000, 0x000000008cd00000, 0x000000008cd00000|100%| E|CS|TAMS 0x000000008cc00000, 0x000000008cc00000| Complete 
| 183|0x000000008cd00000, 0x000000008ce00000, 0x000000008ce00000|100%| E|CS|TAMS 0x000000008cd00000, 0x000000008cd00000| Complete 
| 184|0x000000008ce00000, 0x000000008cf00000, 0x000000008cf00000|100%| E|CS|TAMS 0x000000008ce00000, 0x000000008ce00000| Complete 
| 185|0x000000008cf00000, 0x000000008d000000, 0x000000008d000000|100%| E|CS|TAMS 0x000000008cf00000, 0x000000008cf00000| Complete 
| 186|0x000000008d000000, 0x000000008d100000, 0x000000008d100000|100%| E|CS|TAMS 0x000000008d000000, 0x000000008d000000| Complete 
| 187|0x000000008d100000, 0x000000008d200000, 0x000000008d200000|100%| E|CS|TAMS 0x000000008d100000, 0x000000008d100000| Complete 
| 188|0x000000008d200000, 0x000000008d300000, 0x000000008d300000|100%| E|CS|TAMS 0x000000008d200000, 0x000000008d200000| Complete 
| 189|0x000000008d300000, 0x000000008d400000, 0x000000008d400000|100%| E|CS|TAMS 0x000000008d300000, 0x000000008d300000| Complete 
| 190|0x000000008d400000, 0x000000008d500000, 0x000000008d500000|100%| E|CS|TAMS 0x000000008d400000, 0x000000008d400000| Complete 
| 191|0x000000008d500000, 0x000000008d600000, 0x000000008d600000|100%| E|CS|TAMS 0x000000008d500000, 0x000000008d500000| Complete 
| 192|0x000000008d600000, 0x000000008d700000, 0x000000008d700000|100%| E|CS|TAMS 0x000000008d600000, 0x000000008d600000| Complete 
| 193|0x000000008d700000, 0x000000008d800000, 0x000000008d800000|100%| E|CS|TAMS 0x000000008d700000, 0x000000008d700000| Complete 
| 194|0x000000008d800000, 0x000000008d900000, 0x000000008d900000|100%| E|CS|TAMS 0x000000008d800000, 0x000000008d800000| Complete 
| 195|0x000000008d900000, 0x000000008da00000, 0x000000008da00000|100%| E|CS|TAMS 0x000000008d900000, 0x000000008d900000| Complete 
| 196|0x000000008da00000, 0x000000008db00000, 0x000000008db00000|100%| E|CS|TAMS 0x000000008da00000, 0x000000008da00000| Complete 
| 197|0x000000008db00000, 0x000000008dc00000, 0x000000008dc00000|100%| E|CS|TAMS 0x000000008db00000, 0x000000008db00000| Complete 
| 198|0x000000008dc00000, 0x000000008dd00000, 0x000000008dd00000|100%| E|CS|TAMS 0x000000008dc00000, 0x000000008dc00000| Complete 
| 199|0x000000008dd00000, 0x000000008de00000, 0x000000008de00000|100%| E|CS|TAMS 0x000000008dd00000, 0x000000008dd00000| Complete 
| 200|0x000000008de00000, 0x000000008df00000, 0x000000008df00000|100%| E|CS|TAMS 0x000000008de00000, 0x000000008de00000| Complete 
| 201|0x000000008df00000, 0x000000008e000000, 0x000000008e000000|100%| E|CS|TAMS 0x000000008df00000, 0x000000008df00000| Complete 
| 202|0x000000008e000000, 0x000000008e100000, 0x000000008e100000|100%| E|CS|TAMS 0x000000008e000000, 0x000000008e000000| Complete 
| 203|0x000000008e100000, 0x000000008e200000, 0x000000008e200000|100%| E|CS|TAMS 0x000000008e100000, 0x000000008e100000| Complete 
| 204|0x000000008e200000, 0x000000008e300000, 0x000000008e300000|100%| E|CS|TAMS 0x000000008e200000, 0x000000008e200000| Complete 
| 205|0x000000008e300000, 0x000000008e400000, 0x000000008e400000|100%| E|CS|TAMS 0x000000008e300000, 0x000000008e300000| Complete 
| 206|0x000000008e400000, 0x000000008e500000, 0x000000008e500000|100%| E|CS|TAMS 0x000000008e400000, 0x000000008e400000| Complete 
| 207|0x000000008e500000, 0x000000008e600000, 0x000000008e600000|100%| E|CS|TAMS 0x000000008e500000, 0x000000008e500000| Complete 
| 208|0x000000008e600000, 0x000000008e700000, 0x000000008e700000|100%| E|CS|TAMS 0x000000008e600000, 0x000000008e600000| Complete 
| 209|0x000000008e700000, 0x000000008e800000, 0x000000008e800000|100%| E|CS|TAMS 0x000000008e700000, 0x000000008e700000| Complete 
| 210|0x000000008e800000, 0x000000008e900000, 0x000000008e900000|100%| E|CS|TAMS 0x000000008e800000, 0x000000008e800000| Complete 
| 211|0x000000008e900000, 0x000000008ea00000, 0x000000008ea00000|100%| E|CS|TAMS 0x000000008e900000, 0x000000008e900000| Complete 
| 212|0x000000008ea00000, 0x000000008eb00000, 0x000000008eb00000|100%| E|CS|TAMS 0x000000008ea00000, 0x000000008ea00000| Complete 
| 213|0x000000008eb00000, 0x000000008ec00000, 0x000000008ec00000|100%| E|CS|TAMS 0x000000008eb00000, 0x000000008eb00000| Complete 
| 214|0x000000008ec00000, 0x000000008ed00000, 0x000000008ed00000|100%| E|CS|TAMS 0x000000008ec00000, 0x000000008ec00000| Complete 
| 215|0x000000008ed00000, 0x000000008ee00000, 0x000000008ee00000|100%| E|CS|TAMS 0x000000008ed00000, 0x000000008ed00000| Complete 
| 216|0x000000008ee00000, 0x000000008ef00000, 0x000000008ef00000|100%| E|CS|TAMS 0x000000008ee00000, 0x000000008ee00000| Complete 
| 217|0x000000008ef00000, 0x000000008f000000, 0x000000008f000000|100%| E|CS|TAMS 0x000000008ef00000, 0x000000008ef00000| Complete 
| 218|0x000000008f000000, 0x000000008f100000, 0x000000008f100000|100%| E|CS|TAMS 0x000000008f000000, 0x000000008f000000| Complete 
| 219|0x000000008f100000, 0x000000008f200000, 0x000000008f200000|100%| E|CS|TAMS 0x000000008f100000, 0x000000008f100000| Complete 
| 220|0x000000008f200000, 0x000000008f300000, 0x000000008f300000|100%| E|CS|TAMS 0x000000008f200000, 0x000000008f200000| Complete 
| 221|0x000000008f300000, 0x000000008f400000, 0x000000008f400000|100%| E|CS|TAMS 0x000000008f300000, 0x000000008f300000| Complete 

Card table byte_map: [0x000002497f180000,0x000002497f580000] _byte_map_base: 0x000002497ed75000

Marking Bits (Prev, Next): (CMBitMap*) 0x00000249745ae800, (CMBitMap*) 0x00000249745ae7c8
 Prev Bits: [0x0000024910fb0000, 0x0000024912f58000)
 Next Bits: [0x000002490f000000, 0x0000024910fa8000)

Polling page: 0x0000024974600000

Metaspace:

Usage:
  Non-class:     70.53 MB capacity,    69.46 MB ( 98%) used,   864.05 KB (  1%) free+waste,   230.81 KB ( <1%) overhead. 
      Class:     10.48 MB capacity,     9.81 MB ( 94%) used,   575.47 KB (  5%) free+waste,   103.38 KB ( <1%) overhead. 
       Both:     81.00 MB capacity,    79.27 MB ( 98%) used,     1.41 MB (  2%) free+waste,   334.19 KB ( <1%) overhead. 

Virtual space:
  Non-class space:       72.00 MB reserved,      70.71 MB ( 98%) committed 
      Class space:        1.00 GB reserved,      10.50 MB (  1%) committed 
             Both:        1.07 GB reserved,      81.21 MB (  7%) committed 

Chunk freelists:
   Non-Class:  61.00 KB
       Class:  23.00 KB
        Both:  84.00 KB

MaxMetaspaceSize: 17179869184.00 GB
CompressedClassSpaceSize: 1.00 GB

CodeHeap 'non-profiled nmethods': size=120064Kb used=3829Kb max_used=4929Kb free=116235Kb
 bounds [0x0000024907ac0000, 0x0000024907fa0000, 0x000002490f000000]
CodeHeap 'profiled nmethods': size=120000Kb used=12564Kb max_used=15606Kb free=107435Kb
 bounds [0x0000024900590000, 0x00000249014d0000, 0x0000024907ac0000]
CodeHeap 'non-nmethods': size=5696Kb used=1359Kb max_used=1419Kb free=4336Kb
 bounds [0x0000024900000000, 0x0000024900270000, 0x0000024900590000]
 total_blobs=7145 nmethods=6481 adapters=582
 compilation: enabled
              stopped_count=0, restarted_count=0
 full_count=0

Compilation events (20 events):
Event: 438.214 Thread 0x000002497fea3000 7598       3       java.util.concurrent.locks.ReentrantReadWriteLock$ReadLock::lock (9 bytes)
Event: 438.214 Thread 0x000002497fea3000 nmethod 7598 0x0000024900607890 code [0x0000024900607a60, 0x0000024900607cf8]
Event: 443.807 Thread 0x000002497fe9c000 7599       4       java.util.Collections$UnmodifiableCollection::iterator (9 bytes)
Event: 443.809 Thread 0x000002497fe9c000 nmethod 7599 0x0000024907adf110 code [0x0000024907adf2c0, 0x0000024907adf498]
Event: 448.216 Thread 0x000002497fea3000 7600   !   3       org.apache.catalina.core.ContainerBase::findChildren (42 bytes)
Event: 448.216 Thread 0x000002497fea3000 nmethod 7600 0x0000024900609f10 code [0x000002490060a100, 0x000002490060a778]
Event: 518.268 Thread 0x000002497fea3000 7601   !   3       org.apache.catalina.core.ContainerBase::getRealmInternal (38 bytes)
Event: 518.269 Thread 0x000002497fea3000 nmethod 7601 0x000002490060db90 code [0x000002490060dde0, 0x000002490060e658]
Event: 518.270 Thread 0x000002497fea3000 7602   !   3       org.apache.catalina.core.ContainerBase::getClusterInternal (38 bytes)
Event: 518.271 Thread 0x000002497fea3000 nmethod 7602 0x0000024900614c10 code [0x0000024900614e60, 0x00000249006156d8]
Event: 527.159 Thread 0x000002497fea3000 7603       3       org.eclipse.jdt.launching.internal.org.objectweb.asm.ClassReader::readField (667 bytes)
Event: 527.165 Thread 0x000002497fea3000 nmethod 7603 0x0000024900643090 code [0x0000024900643620, 0x0000024900646678]
Event: 528.283 Thread 0x000002497fea3000 7604   !   3       org.apache.catalina.core.ContainerBase$ContainerBackgroundProcessor::processChildren (191 bytes)
Event: 528.284 Thread 0x000002497fea3000 nmethod 7604 0x0000024900653b90 code [0x0000024900653f60, 0x0000024900656268]
Event: 528.284 Thread 0x000002497fea3000 7605   !   3       org.apache.catalina.core.ContainerBase::backgroundProcess (168 bytes)
Event: 528.285 Thread 0x000002497fea3000 nmethod 7605 0x0000024900640d90 code [0x00000249006410e0, 0x0000024900642888]
Event: 528.285 Thread 0x000002497fea3000 7606       3       org.apache.catalina.mapper.MapperListener::lifecycleEvent (178 bytes)
Event: 528.286 Thread 0x000002497fea3000 nmethod 7606 0x000002490065be10 code [0x000002490065c120, 0x000002490065d7e8]
Event: 558.227 Thread 0x000002497fea3000 7607       1       org.apache.tomcat.util.net.AbstractEndpoint::isPaused (5 bytes)
Event: 558.227 Thread 0x000002497fea3000 nmethod 7607 0x0000024907ad5390 code [0x0000024907ad5540, 0x0000024907ad55f8]

GC Heap History (20 events):
Event: 3.180 GC heap before
{Heap before GC invocations=6 (full 0):
 garbage-first heap   total 157696K, used 66066K [0x0000000081600000, 0x0000000100000000)
  region size 1024K, 59 young (60416K), 3 survivors (3072K)
 Metaspace       used 26061K, capacity 26617K, committed 26880K, reserved 1073152K
  class space    used 2876K, capacity 3060K, committed 3072K, reserved 1048576K
}
Event: 3.190 GC heap after
{Heap after GC invocations=7 (full 0):
 garbage-first heap   total 157696K, used 9786K [0x0000000081600000, 0x0000000100000000)
  region size 1024K, 4 young (4096K), 4 survivors (4096K)
 Metaspace       used 26061K, capacity 26617K, committed 26880K, reserved 1073152K
  class space    used 2876K, capacity 3060K, committed 3072K, reserved 1048576K
}
Event: 3.628 GC heap before
{Heap before GC invocations=7 (full 0):
 garbage-first heap   total 157696K, used 78394K [0x0000000081600000, 0x0000000100000000)
  region size 1024K, 72 young (73728K), 4 survivors (4096K)
 Metaspace       used 28454K, capacity 29017K, committed 29312K, reserved 1075200K
  class space    used 3185K, capacity 3397K, committed 3456K, reserved 1048576K
}
Event: 3.636 GC heap after
{Heap after GC invocations=8 (full 0):
 garbage-first heap   total 157696K, used 10810K [0x0000000081600000, 0x0000000100000000)
  region size 1024K, 5 young (5120K), 5 survivors (5120K)
 Metaspace       used 28454K, capacity 29017K, committed 29312K, reserved 1075200K
  class space    used 3185K, capacity 3397K, committed 3456K, reserved 1048576K
}
Event: 5.188 GC heap before
{Heap before GC invocations=8 (full 0):
 garbage-first heap   total 157696K, used 89658K [0x0000000081600000, 0x0000000100000000)
  region size 1024K, 82 young (83968K), 5 survivors (5120K)
 Metaspace       used 34669K, capacity 35504K, committed 35584K, reserved 1081344K
  class space    used 3948K, capacity 4290K, committed 4352K, reserved 1048576K
}
Event: 5.206 GC heap after
{Heap after GC invocations=9 (full 0):
 garbage-first heap   total 157696K, used 14467K [0x0000000081600000, 0x0000000100000000)
  region size 1024K, 9 young (9216K), 9 survivors (9216K)
 Metaspace       used 34669K, capacity 35504K, committed 35584K, reserved 1081344K
  class space    used 3948K, capacity 4290K, committed 4352K, reserved 1048576K
}
Event: 5.332 GC heap before
{Heap before GC invocations=9 (full 0):
 garbage-first heap   total 157696K, used 20611K [0x0000000081600000, 0x0000000100000000)
  region size 1024K, 16 young (16384K), 9 survivors (9216K)
 Metaspace       used 35029K, capacity 35843K, committed 35968K, reserved 1081344K
  class space    used 4000K, capacity 4358K, committed 4480K, reserved 1048576K
}
Event: 5.356 GC heap after
{Heap after GC invocations=10 (full 0):
 garbage-first heap   total 189440K, used 14917K [0x0000000081600000, 0x0000000100000000)
  region size 1024K, 7 young (7168K), 7 survivors (7168K)
 Metaspace       used 35029K, capacity 35843K, committed 35968K, reserved 1081344K
  class space    used 4000K, capacity 4358K, committed 4480K, reserved 1048576K
}
Event: 7.440 GC heap before
{Heap before GC invocations=11 (full 0):
 garbage-first heap   total 189440K, used 114245K [0x0000000081600000, 0x0000000100000000)
  region size 1024K, 105 young (107520K), 7 survivors (7168K)
 Metaspace       used 41458K, capacity 42455K, committed 42624K, reserved 1087488K
  class space    used 4739K, capacity 5144K, committed 5248K, reserved 1048576K
}
Event: 7.455 GC heap after
{Heap after GC invocations=12 (full 0):
 garbage-first heap   total 189440K, used 18533K [0x0000000081600000, 0x0000000100000000)
  region size 1024K, 10 young (10240K), 10 survivors (10240K)
 Metaspace       used 41458K, capacity 42455K, committed 42624K, reserved 1087488K
  class space    used 4739K, capacity 5144K, committed 5248K, reserved 1048576K
}
Event: 9.238 GC heap before
{Heap before GC invocations=12 (full 0):
 garbage-first heap   total 189440K, used 121957K [0x0000000081600000, 0x0000000100000000)
  region size 1024K, 111 young (113664K), 10 survivors (10240K)
 Metaspace       used 50446K, capacity 51523K, committed 51840K, reserved 1095680K
  class space    used 5787K, capacity 6203K, committed 6272K, reserved 1048576K
}
Event: 9.259 GC heap after
{Heap after GC invocations=13 (full 0):
 garbage-first heap   total 189440K, used 22982K [0x0000000081600000, 0x0000000100000000)
  region size 1024K, 9 young (9216K), 9 survivors (9216K)
 Metaspace       used 50446K, capacity 51523K, committed 51840K, reserved 1095680K
  class space    used 5787K, capacity 6203K, committed 6272K, reserved 1048576K
}
Event: 11.081 GC heap before
{Heap before GC invocations=13 (full 0):
 garbage-first heap   total 189440K, used 126406K [0x0000000081600000, 0x0000000100000000)
  region size 1024K, 111 young (113664K), 9 survivors (9216K)
 Metaspace       used 58487K, capacity 59683K, committed 59776K, reserved 1101824K
  class space    used 7075K, capacity 7531K, committed 7552K, reserved 1048576K
}
Event: 11.101 GC heap after
{Heap after GC invocations=14 (full 0):
 garbage-first heap   total 189440K, used 27227K [0x0000000081600000, 0x0000000100000000)
  region size 1024K, 9 young (9216K), 9 survivors (9216K)
 Metaspace       used 58487K, capacity 59683K, committed 59776K, reserved 1101824K
  class space    used 7075K, capacity 7531K, committed 7552K, reserved 1048576K
}
Event: 11.235 GC heap before
{Heap before GC invocations=14 (full 0):
 garbage-first heap   total 189440K, used 34395K [0x0000000081600000, 0x0000000100000000)
  region size 1024K, 17 young (17408K), 9 survivors (9216K)
 Metaspace       used 59080K, capacity 60225K, committed 60376K, reserved 1101824K
  class space    used 7145K, capacity 7605K, committed 7680K, reserved 1048576K
}
Event: 11.251 GC heap after
{Heap after GC invocations=15 (full 0):
 garbage-first heap   total 227328K, used 27606K [0x0000000081600000, 0x0000000100000000)
  region size 1024K, 5 young (5120K), 5 survivors (5120K)
 Metaspace       used 59080K, capacity 60225K, committed 60376K, reserved 1101824K
  class space    used 7145K, capacity 7605K, committed 7680K, reserved 1048576K
}
Event: 16.240 GC heap before
{Heap before GC invocations=16 (full 0):
 garbage-first heap   total 227328K, used 156630K [0x0000000081600000, 0x0000000100000000)
  region size 1024K, 132 young (135168K), 5 survivors (5120K)
 Metaspace       used 69680K, capacity 71167K, committed 71384K, reserved 1112064K
  class space    used 8632K, capacity 9199K, committed 9216K, reserved 1048576K
}
Event: 16.254 GC heap after
{Heap after GC invocations=17 (full 0):
 garbage-first heap   total 227328K, used 30910K [0x0000000081600000, 0x0000000100000000)
  region size 1024K, 8 young (8192K), 8 survivors (8192K)
 Metaspace       used 69680K, capacity 71167K, committed 71384K, reserved 1112064K
  class space    used 8632K, capacity 9199K, committed 9216K, reserved 1048576K
}
Event: 28.419 GC heap before
{Heap before GC invocations=17 (full 0):
 garbage-first heap   total 227328K, used 158910K [0x0000000081600000, 0x0000000100000000)
  region size 1024K, 133 young (136192K), 8 survivors (8192K)
 Metaspace       used 77323K, capacity 79075K, committed 79192K, reserved 1118208K
  class space    used 9663K, capacity 10337K, committed 10368K, reserved 1048576K
}
Event: 28.440 GC heap after
{Heap after GC invocations=18 (full 0):
 garbage-first heap   total 227328K, used 34887K [0x0000000081600000, 0x0000000100000000)
  region size 1024K, 12 young (12288K), 12 survivors (12288K)
 Metaspace       used 77323K, capacity 79075K, committed 79192K, reserved 1118208K
  class space    used 9663K, capacity 10337K, committed 10368K, reserved 1048576K
}

Deoptimization events (20 events):
Event: 35.561 Thread 0x00000249163a3000 DEOPT PACKING pc=0x0000024900f3f657 sp=0x0000008e0e6fb070
Event: 35.561 Thread 0x00000249163a3000 DEOPT UNPACKING pc=0x000002490003b94e sp=0x0000008e0e6fa608 mode 1
Event: 35.605 Thread 0x00000249163a3000 DEOPT PACKING pc=0x0000024900f3f657 sp=0x0000008e0e6fb070
Event: 35.605 Thread 0x00000249163a3000 DEOPT UNPACKING pc=0x000002490003b94e sp=0x0000008e0e6fa608 mode 1
Event: 35.611 Thread 0x00000249163a3000 DEOPT PACKING pc=0x0000024900f3f657 sp=0x0000008e0e6fb070
Event: 35.611 Thread 0x00000249163a3000 DEOPT UNPACKING pc=0x000002490003b94e sp=0x0000008e0e6fa608 mode 1
Event: 35.847 Thread 0x00000249163a3000 DEOPT PACKING pc=0x00000249005eadd6 sp=0x0000008e0e6fbe60
Event: 35.847 Thread 0x00000249163a3000 DEOPT UNPACKING pc=0x000002490003b94e sp=0x0000008e0e6fb3c0 mode 0
Event: 36.109 Thread 0x00000249163a9800 DEOPT PACKING pc=0x0000024901002665 sp=0x0000008e0eafc940
Event: 36.109 Thread 0x00000249163a9800 DEOPT UNPACKING pc=0x000002490003b94e sp=0x0000008e0eafbd88 mode 0
Event: 36.585 Thread 0x00000249163aa800 DEOPT PACKING pc=0x0000024900a4c742 sp=0x0000008e0edfaf00
Event: 36.585 Thread 0x00000249163aa800 DEOPT UNPACKING pc=0x000002490003b94e sp=0x0000008e0edfa398 mode 0
Event: 518.703 Thread 0x0000024915edc000 Uncommon trap: trap_request=0xffffff4d fr.pc=0x0000024907e3da08 relative=0x000000000000c928
Event: 518.703 Thread 0x0000024915edc000 Uncommon trap: reason=unstable_if action=reinterpret pc=0x0000024907e3da08 method=org.eclipse.jdt.launching.internal.org.objectweb.asm.ClassReader.accept(Lorg/eclipse/jdt/launching/internal/org/objectweb/asm/ClassVisitor;[Lorg/eclipse/jdt/launching/intern
Event: 518.703 Thread 0x0000024915edc000 DEOPT PACKING pc=0x0000024907e3da08 sp=0x0000008e0d5fdd80
Event: 518.703 Thread 0x0000024915edc000 DEOPT UNPACKING pc=0x000002490003bb2f sp=0x0000008e0d5fdd68 mode 2
Event: 518.703 Thread 0x0000024915edc000 Uncommon trap: trap_request=0xffffff4d fr.pc=0x0000024907ecf818 relative=0x0000000000006918
Event: 518.703 Thread 0x0000024915edc000 Uncommon trap: reason=unstable_if action=reinterpret pc=0x0000024907ecf818 method=org.eclipse.jdt.launching.internal.org.objectweb.asm.ClassWriter.toByteArray()[B @ 614 c2
Event: 518.703 Thread 0x0000024915edc000 DEOPT PACKING pc=0x0000024907ecf818 sp=0x0000008e0d5fde10
Event: 518.703 Thread 0x0000024915edc000 DEOPT UNPACKING pc=0x000002490003bb2f sp=0x0000008e0d5fddf8 mode 2

Classes redefined (3 events):
Event: 213.771 Thread 0x000002497fe54800 redefined class name=br.edu.unoesc.controller.UsuarioController, count=1
Event: 570.414 Thread 0x000002497fe54800 redefined class name=br.edu.unoesc.controller.UsuarioController, count=2
Event: 576.163 Thread 0x000002497fe54800 redefined class name=br.edu.unoesc.controller.UsuarioController, count=3

Internal exceptions (20 events):
Event: 16.137 Thread 0x00000249766a1000 Exception <a 'java/lang/ClassNotFoundException'{0x000000008726bf10}: br/edu/unoesc/dto/AutoCompleteDTOCustomizer> (0x000000008726bf10) thrown at [./src/hotspot/share/classfile/systemDictionary.cpp, line 231]
Event: 16.140 Thread 0x00000249766a1000 Exception <a 'java/lang/NoSuchMethodError'{0x000000008727d788}: 'java.lang.Object java.lang.invoke.DirectMethodHandle$Holder.invokeInterface(java.lang.Object, java.lang.Object, int)'> (0x000000008727d788) thrown at [./src/hotspot/share/interpreter/linkResolver.cpp, line 773]
Event: 16.218 Thread 0x00000249766a1000 Exception <a 'java/lang/ClassNotFoundException'{0x000000008703b148}: java/lang/ObjectCustomizer> (0x000000008703b148) thrown at [./src/hotspot/share/classfile/systemDictionary.cpp, line 231]
Event: 16.220 Thread 0x00000249766a1000 Exception <a 'java/lang/ClassNotFoundException'{0x00000000870482a8}: br/edu/unoesc/model/RetiradaCustomizer> (0x00000000870482a8) thrown at [./src/hotspot/share/classfile/systemDictionary.cpp, line 231]
Event: 16.372 Thread 0x00000249766a1000 Exception <a 'java/lang/reflect/InvocationTargetException'{0x000000008f0d8df0}> (0x000000008f0d8df0) thrown at [./src/hotspot/share/runtime/reflection.cpp, line 1247]
Event: 16.489 Thread 0x00000249766a1000 Exception <a 'java/lang/NoSuchMethodError'{0x000000008eb90e98}: 'java.lang.Object java.lang.invoke.DirectMethodHandle$Holder.invokeInterface(java.lang.Object, java.lang.Object, java.lang.Object, java.lang.Object)'> (0x000000008eb90e98) thrown at [./src/hotspot/share/interpreter/linkResolver.cpp, line 773]
Event: 16.826 Thread 0x00000249766a1000 Exception <a 'java/lang/NoSuchMethodError'{0x000000008d8a3b18}: 'void java.lang.invoke.DirectMethodHandle$Holder.invokeVirtual(java.lang.Object, java.lang.Object, int)'> (0x000000008d8a3b18) thrown at [./src/hotspot/share/interpreter/linkResolver.cpp, line 773]
Event: 17.473 Thread 0x00000249766a1000 Exception <a 'java/lang/ClassNotFoundException'{0x000000008b2c3c68}: java/lang/ObjectCustomizer> (0x000000008b2c3c68) thrown at [./src/hotspot/share/classfile/systemDictionary.cpp, line 231]
Event: 17.474 Thread 0x00000249766a1000 Exception <a 'java/lang/ClassNotFoundException'{0x000000008b2d6680}: org/springframework/security/config/annotation/web/configuration/WebSecurityConfigurationCustomizer> (0x000000008b2d6680) thrown at [./src/hotspot/share/classfile/systemDictionary.cpp, line 231]
Event: 17.476 Thread 0x00000249766a1000 Exception <a 'java/lang/ClassNotFoundException'{0x000000008b2f1420}: org/springframework/security/config/annotation/web/configuration/WebSecurityConfiguration$$EnhancerBySpringCGLIB$$7d16aa1eCustomizer> (0x000000008b2f1420) thrown at [./src/hotspot/share/classfile/systemDictionary.cpp, line 231]
Event: 17.478 Thread 0x00000249766a1000 Exception <a 'java/lang/ClassNotFoundException'{0x000000008b10a2f8}: org/springframework/context/annotation/ConfigurationClassEnhancer$EnhancedConfigurationCustomizer> (0x000000008b10a2f8) thrown at [./src/hotspot/share/classfile/systemDictionary.cpp, line 231]
Event: 17.480 Thread 0x00000249766a1000 Exception <a 'java/lang/ClassNotFoundException'{0x000000008b115e48}: org/springframework/beans/factory/BeanFactoryAwareCustomizer> (0x000000008b115e48) thrown at [./src/hotspot/share/classfile/systemDictionary.cpp, line 231]
Event: 17.481 Thread 0x00000249766a1000 Exception <a 'java/lang/ClassNotFoundException'{0x000000008b1216d0}: org/springframework/beans/factory/AwareCustomizer> (0x000000008b1216d0) thrown at [./src/hotspot/share/classfile/systemDictionary.cpp, line 231]
Event: 17.482 Thread 0x00000249766a1000 Exception <a 'java/lang/ClassNotFoundException'{0x000000008b12d178}: org/springframework/context/annotation/ImportAwareCustomizer> (0x000000008b12d178) thrown at [./src/hotspot/share/classfile/systemDictionary.cpp, line 231]
Event: 17.483 Thread 0x00000249766a1000 Exception <a 'java/lang/ClassNotFoundException'{0x000000008b1384f0}: org/springframework/beans/factory/AwareCustomizer> (0x000000008b1384f0) thrown at [./src/hotspot/share/classfile/systemDictionary.cpp, line 231]
Event: 17.485 Thread 0x00000249766a1000 Exception <a 'java/lang/ClassNotFoundException'{0x000000008b1441e0}: org/springframework/beans/factory/BeanClassLoaderAwareCustomizer> (0x000000008b1441e0) thrown at [./src/hotspot/share/classfile/systemDictionary.cpp, line 231]
Event: 17.487 Thread 0x00000249766a1000 Exception <a 'java/lang/ClassNotFoundException'{0x000000008b14f568}: org/springframework/beans/factory/AwareCustomizer> (0x000000008b14f568) thrown at [./src/hotspot/share/classfile/systemDictionary.cpp, line 231]
Event: 18.055 Thread 0x00000249766a1000 Exception <a 'java/lang/NoSuchMethodError'{0x00000000890349a0}: 'void java.lang.invoke.DirectMethodHandle$Holder.invokeSpecial(java.lang.Object, java.lang.Object)'> (0x00000000890349a0) thrown at [./src/hotspot/share/interpreter/linkResolver.cpp, line 773]
Event: 18.056 Thread 0x00000249766a1000 Exception <a 'java/lang/NoSuchMethodError'{0x000000008903a440}: 'java.lang.Object java.lang.invoke.DirectMethodHandle$Holder.newInvokeSpecial(java.lang.Object, int)'> (0x000000008903a440) thrown at [./src/hotspot/share/interpreter/linkResolver.cpp, line 773]
Event: 30.342 Thread 0x00000249163a4000 Exception <a 'java/lang/NoSuchMethodError'{0x000000008d9505c8}: 'java.lang.Object java.lang.invoke.DirectMethodHandle$Holder.invokeSpecial(java.lang.Object, java.lang.Object, int, java.lang.Object, java.lang.Object)'> (0x000000008d9505c8) thrown at [./src/hotspot/share/interpreter/linkResolver.cpp, line 773]

Events (20 events):
Event: 570.709 Executing VM operation: GetFrameLocation done
Event: 570.709 Executing VM operation: GetOrSetLocal
Event: 570.709 Executing VM operation: GetOrSetLocal done
Event: 576.118 Executing VM operation: RedefineClasses
Event: 576.173 Executing VM operation: RedefineClasses done
Event: 576.196 Executing VM operation: ChangeBreakpoints
Event: 576.200 Executing VM operation: ChangeBreakpoints done
Event: 576.206 Executing VM operation: GetFrameCount
Event: 576.206 Executing VM operation: GetFrameCount done
Event: 576.206 Executing VM operation: GetStackTrace
Event: 576.207 Executing VM operation: GetStackTrace done
Event: 576.364 Executing VM operation: GetFrameCount
Event: 576.364 Executing VM operation: GetFrameCount done
Event: 576.364 Executing VM operation: GetOwnedMonitorInfo
Event: 576.364 Executing VM operation: GetOwnedMonitorInfo done
Event: 576.365 Executing VM operation: GetCurrentContendedMonitor
Event: 576.365 Executing VM operation: GetCurrentContendedMonitor done
Event: 576.383 Executing VM operation: GetFrameLocation
Event: 576.383 Executing VM operation: GetFrameLocation done
Event: 576.383 Executing VM operation: GetOrSetLocal


Dynamic libraries:
0x00007ff706780000 - 0x00007ff70678d000 	C:\Program Files\AdoptOpenJDK\jdk-11.0.9.101-hotspot\bin\javaw.exe
0x00007ffa53eb0000 - 0x00007ffa540a6000 	C:\Windows\SYSTEM32\ntdll.dll
0x00007ffa4be30000 - 0x00007ffa4be42000 	C:\Program Files\Avast Software\Avast\aswhook.dll
0x00007ffa53ce0000 - 0x00007ffa53d9d000 	C:\Windows\System32\KERNEL32.DLL
0x00007ffa518d0000 - 0x00007ffa51b98000 	C:\Windows\System32\KERNELBASE.dll
0x00007ffa515f0000 - 0x00007ffa516f0000 	C:\Windows\System32\ucrtbase.dll
0x00007ffa35e10000 - 0x00007ffa35e25000 	C:\Program Files\AdoptOpenJDK\jdk-11.0.9.101-hotspot\bin\VCRUNTIME140.dll
0x00007ffa35e30000 - 0x00007ffa35e47000 	C:\Program Files\AdoptOpenJDK\jdk-11.0.9.101-hotspot\bin\jli.dll
0x00007ffa532b0000 - 0x00007ffa53450000 	C:\Windows\System32\USER32.dll
0x00007ffa51ee0000 - 0x00007ffa51f02000 	C:\Windows\System32\win32u.dll
0x00007ffa458b0000 - 0x00007ffa45b4b000 	C:\Windows\WinSxS\amd64_microsoft.windows.common-controls_6595b64144ccf1df_6.0.19041.488_none_ca04af081b815d21\COMCTL32.dll
0x00007ffa52610000 - 0x00007ffa5263a000 	C:\Windows\System32\GDI32.dll
0x00007ffa53b90000 - 0x00007ffa53c2e000 	C:\Windows\System32\msvcrt.dll
0x00007ffa51d30000 - 0x00007ffa51e39000 	C:\Windows\System32\gdi32full.dll
0x00007ffa51e40000 - 0x00007ffa51edd000 	C:\Windows\System32\msvcp_win.dll
0x00007ffa53280000 - 0x00007ffa532b0000 	C:\Windows\System32\IMM32.DLL
0x00007ffa300d0000 - 0x00007ffa3016b000 	C:\Program Files\AdoptOpenJDK\jdk-11.0.9.101-hotspot\bin\msvcp140.dll
0x00007ffa0ba70000 - 0x00007ffa0c5b3000 	C:\Program Files\AdoptOpenJDK\jdk-11.0.9.101-hotspot\bin\server\jvm.dll
0x00007ffa53c30000 - 0x00007ffa53cdc000 	C:\Windows\System32\ADVAPI32.dll
0x00007ffa531e0000 - 0x00007ffa5327b000 	C:\Windows\System32\sechost.dll
0x00007ffa53040000 - 0x00007ffa53164000 	C:\Windows\System32\RPCRT4.dll
0x00007ffa53500000 - 0x00007ffa53508000 	C:\Windows\System32\PSAPI.DLL
0x00007ffa461e0000 - 0x00007ffa461e9000 	C:\Windows\SYSTEM32\WSOCK32.dll
0x00007ffa498a0000 - 0x00007ffa498aa000 	C:\Windows\SYSTEM32\VERSION.dll
0x00007ffa53aa0000 - 0x00007ffa53b0b000 	C:\Windows\System32\WS2_32.dll
0x00007ffa461b0000 - 0x00007ffa461d7000 	C:\Windows\SYSTEM32\WINMM.dll
0x00007ffa4f460000 - 0x00007ffa4f472000 	C:\Windows\SYSTEM32\kernel.appcore.dll
0x00007ffa48360000 - 0x00007ffa48370000 	C:\Program Files\AdoptOpenJDK\jdk-11.0.9.101-hotspot\bin\verify.dll
0x00007ffa493c0000 - 0x00007ffa495a4000 	C:\Windows\SYSTEM32\DBGHELP.DLL
0x00007ffa49620000 - 0x00007ffa4964c000 	C:\Windows\SYSTEM32\dbgcore.DLL
0x00007ffa51850000 - 0x00007ffa518cf000 	C:\Windows\System32\bcryptPrimitives.dll
0x00007ffa33ab0000 - 0x00007ffa33ad8000 	C:\Program Files\AdoptOpenJDK\jdk-11.0.9.101-hotspot\bin\java.dll
0x00007ffa47f70000 - 0x00007ffa47f7a000 	C:\Program Files\AdoptOpenJDK\jdk-11.0.9.101-hotspot\bin\jimage.dll
0x00007ffa2ce10000 - 0x00007ffa2ce48000 	C:\Program Files\AdoptOpenJDK\jdk-11.0.9.101-hotspot\bin\jdwp.dll
0x00007ffa46d60000 - 0x00007ffa46d6e000 	C:\Program Files\AdoptOpenJDK\jdk-11.0.9.101-hotspot\bin\instrument.dll
0x00007ffa32500000 - 0x00007ffa32517000 	C:\Program Files\AdoptOpenJDK\jdk-11.0.9.101-hotspot\bin\zip.dll
0x00007ffa528f0000 - 0x00007ffa53031000 	C:\Windows\System32\SHELL32.dll
0x00007ffa4f740000 - 0x00007ffa4fed5000 	C:\Windows\SYSTEM32\windows.storage.dll
0x00007ffa52200000 - 0x00007ffa52555000 	C:\Windows\System32\combase.dll
0x00007ffa50f90000 - 0x00007ffa50fbc000 	C:\Windows\SYSTEM32\Wldp.dll
0x00007ffa53450000 - 0x00007ffa534fe000 	C:\Windows\System32\SHCORE.dll
0x00007ffa53170000 - 0x00007ffa531c5000 	C:\Windows\System32\shlwapi.dll
0x00007ffa51520000 - 0x00007ffa51546000 	C:\Windows\SYSTEM32\profapi.dll
0x00007ffa41a60000 - 0x00007ffa41a6a000 	C:\Program Files\AdoptOpenJDK\jdk-11.0.9.101-hotspot\bin\dt_socket.dll
0x00007ffa50d10000 - 0x00007ffa50d7a000 	C:\Windows\System32\mswsock.dll
0x00007ffa50a40000 - 0x00007ffa50b0b000 	C:\Windows\SYSTEM32\DNSAPI.dll
0x00007ffa50a00000 - 0x00007ffa50a3b000 	C:\Windows\SYSTEM32\IPHLPAPI.DLL
0x00007ffa535a0000 - 0x00007ffa535a8000 	C:\Windows\System32\NSI.dll
0x00007ffa44630000 - 0x00007ffa446af000 	C:\Windows\System32\fwpuclnt.dll
0x00007ffa51c00000 - 0x00007ffa51c27000 	C:\Windows\System32\bcrypt.dll
0x00007ffa443d0000 - 0x00007ffa443da000 	C:\Windows\System32\rasadhlp.dll
0x00007ffa301b0000 - 0x00007ffa301c9000 	C:\Program Files\AdoptOpenJDK\jdk-11.0.9.101-hotspot\bin\net.dll
0x00007ffa446b0000 - 0x00007ffa447b0000 	C:\Windows\SYSTEM32\WINHTTP.dll
0x00007ffa2edb0000 - 0x00007ffa2edc2000 	C:\Program Files\AdoptOpenJDK\jdk-11.0.9.101-hotspot\bin\nio.dll
0x00007ffa3d660000 - 0x00007ffa3d669000 	C:\Program Files\AdoptOpenJDK\jdk-11.0.9.101-hotspot\bin\management.dll
0x00007ffa3abb0000 - 0x00007ffa3abbb000 	C:\Program Files\AdoptOpenJDK\jdk-11.0.9.101-hotspot\bin\management_ext.dll
0x00007ffa369c0000 - 0x00007ffa369d7000 	C:\Windows\system32\napinsp.dll
0x00007ffa369a0000 - 0x00007ffa369bb000 	C:\Windows\system32\pnrpnsp.dll
0x00007ffa36980000 - 0x00007ffa36995000 	C:\Windows\system32\wshbth.dll
0x00007ffa4d780000 - 0x00007ffa4d79d000 	C:\Windows\system32\NLAapi.dll
0x00007ffa36960000 - 0x00007ffa36972000 	C:\Windows\System32\winrnr.dll
0x00007ffa50ee0000 - 0x00007ffa50ef8000 	C:\Windows\SYSTEM32\CRYPTSP.dll
0x00007ffa506a0000 - 0x00007ffa506d4000 	C:\Windows\system32\rsaenh.dll
0x00007ffa514a0000 - 0x00007ffa514ce000 	C:\Windows\SYSTEM32\USERENV.dll
0x00007ffa50f00000 - 0x00007ffa50f0c000 	C:\Windows\SYSTEM32\CRYPTBASE.dll
0x00007ffa48c90000 - 0x00007ffa48ca7000 	C:\Windows\SYSTEM32\dhcpcsvc6.DLL
0x00007ffa49650000 - 0x00007ffa4966d000 	C:\Windows\SYSTEM32\dhcpcsvc.DLL
0x00007ffa3a000000 - 0x00007ffa3a00e000 	C:\Program Files\AdoptOpenJDK\jdk-11.0.9.101-hotspot\bin\sunmscapi.dll
0x00007ffa516f0000 - 0x00007ffa5184d000 	C:\Windows\System32\CRYPT32.dll
0x00007ffa51000000 - 0x00007ffa51027000 	C:\Windows\SYSTEM32\ncrypt.dll
0x00007ffa50fc0000 - 0x00007ffa50ffb000 	C:\Windows\SYSTEM32\NTASN1.dll
0x00007ffa2eb90000 - 0x00007ffa2ebb5000 	C:\Program Files\AdoptOpenJDK\jdk-11.0.9.101-hotspot\bin\sunec.dll

dbghelp: loaded successfully - version: 4.0.5 - missing functions: none
symbol engine: initialized successfully - sym options: 0x614 - pdb path: .;C:\Program Files\AdoptOpenJDK\jdk-11.0.9.101-hotspot\bin;C:\Windows\SYSTEM32;C:\Program Files\Avast Software\Avast;C:\Windows\WinSxS\amd64_microsoft.windows.common-controls_6595b64144ccf1df_6.0.19041.488_none_ca04af081b815d21;C:\Program Files\AdoptOpenJDK\jdk-11.0.9.101-hotspot\bin\server

VM Arguments:
jvm_args: -agentlib:jdwp=transport=dt_socket,suspend=y,address=localhost:50070 -javaagent:C:\Users\lucas\eclipse\jee-2020-09\eclipse\configuration\org.eclipse.osgi\406\0\.cp\lib\javaagent-shaded.jar -Dfile.encoding=UTF-8 
java_command: br.edu.unoesc.CrudApplication
java_class_path (initial): C:\Users\lucas\eclipse-workspace\Projetos\Biblioteca\CCCIV\target\classes;C:\Users\lucas\.m2\repository\org\springframework\boot\spring-boot-starter-data-jpa\2.1.7.RELEASE\spring-boot-starter-data-jpa-2.1.7.RELEASE.jar;C:\Users\lucas\.m2\repository\org\springframework\boot\spring-boot-starter-aop\2.1.7.RELEASE\spring-boot-starter-aop-2.1.7.RELEASE.jar;C:\Users\lucas\.m2\repository\org\aspectj\aspectjweaver\1.9.4\aspectjweaver-1.9.4.jar;C:\Users\lucas\.m2\repository\org\springframework\boot\spring-boot-starter-jdbc\2.1.7.RELEASE\spring-boot-starter-jdbc-2.1.7.RELEASE.jar;C:\Users\lucas\.m2\repository\com\zaxxer\HikariCP\3.2.0\HikariCP-3.2.0.jar;C:\Users\lucas\.m2\repository\org\springframework\spring-jdbc\5.1.9.RELEASE\spring-jdbc-5.1.9.RELEASE.jar;C:\Users\lucas\.m2\repository\javax\transaction\javax.transaction-api\1.3\javax.transaction-api-1.3.jar;C:\Users\lucas\.m2\repository\javax\xml\bind\jaxb-api\2.3.1\jaxb-api-2.3.1.jar;C:\Users\lucas\.m2\repository\javax\activation\javax.activation-api\1.2.0\javax.activation-api-1.2.0.jar;C:\Users\lucas\.m2\repository\org\hibernate\hibernate-core\5.3.10.Final\hibernate-core-5.3.10.Final.jar;C:\Users\lucas\.m2\repository\javax\persistence\javax.persistence-api\2.2\javax.persistence-api-2.2.jar;C:\Users\lucas\.m2\repository\org\javassist\javassist\3.23.2-GA\javassist-3.23.2-GA.jar;C:\Users\lucas\.m2\repository\net\bytebuddy\byte-buddy\1.9.16\byte-buddy-1.9.16.jar;C:\Users\lucas\.m2\repository\antlr\antlr\2.7.7\antlr-2.7.7.jar;C:\Users\lucas\.m2\repository\org\jboss\jandex\2.0.5.Final\jandex-2.0.5.Final.jar;C:\Users\lucas\.m2\repository\org\dom4j\dom4j\2.1.1\dom4j-2.1.1.jar;C:\Users\lucas\.m2\repository\org\hibernate\common\hibernate-commons-annotations\5.0.4.Final\hibernate-commons-annotations-5.0.4.Final.jar;C:\Users\lucas\.m2\repository\org\springframework\data\spring-data-jpa\2.1.10.RELEASE\spring-data-jpa-2.1.10.RELEASE.jar;C:\Users\lucas\.m2\repository\org\springframework\data\spring-data-comm
Launcher Type: SUN_STANDARD

[Global flags]
     intx CICompilerCount                          = 3                                         {product} {ergonomic}
     uint ConcGCThreads                            = 1                                         {product} {ergonomic}
     uint G1ConcRefinementThreads                  = 4                                         {product} {ergonomic}
   size_t G1HeapRegionSize                         = 1048576                                   {product} {ergonomic}
    uintx GCDrainStackTargetSize                   = 64                                        {product} {ergonomic}
   size_t InitialHeapSize                          = 134217728                                 {product} {ergonomic}
   size_t MarkStackSize                            = 4194304                                   {product} {ergonomic}
   size_t MaxHeapSize                              = 2124414976                                {product} {ergonomic}
   size_t MaxNewSize                               = 1274019840                                {product} {ergonomic}
   size_t MinHeapDeltaBytes                        = 1048576                                   {product} {ergonomic}
    uintx NonNMethodCodeHeapSize                   = 5830732                                {pd product} {ergonomic}
    uintx NonProfiledCodeHeapSize                  = 122913754                              {pd product} {ergonomic}
    uintx ProfiledCodeHeapSize                     = 122913754                              {pd product} {ergonomic}
    uintx ReservedCodeCacheSize                    = 251658240                              {pd product} {ergonomic}
     bool SegmentedCodeCache                       = true                                      {product} {ergonomic}
     bool UseCompressedClassPointers               = true                                 {lp64_product} {ergonomic}
     bool UseCompressedOops                        = true                                 {lp64_product} {ergonomic}
     bool UseG1GC                                  = true                                      {product} {ergonomic}
     bool UseLargePagesIndividualAllocation        = false                                  {pd product} {ergonomic}

Logging:
Log output configuration:
 #0: stdout all=warning uptime,level,tags
 #1: stderr all=off uptime,level,tags

Environment Variables:
PATH=C:/Program Files/Java/jdk-15.0.1/bin/server;C:/Program Files/Java/jdk-15.0.1/bin;C:\Program Files\AdoptOpenJDK\jdk-11.0.9.101-hotspot\bin;C:\Program Files\Common Files\Oracle\Java\javapath;C:\Windows\system32;C:\Windows;C:\Windows\System32\Wbem;C:\Windows\System32\WindowsPowerShell\v1.0\;C:\Windows\System32\OpenSSH\;C:\Program Files\Git\cmd;C:\Program Files\MySQL\MySQL Shell 8.0\bin\;"C:\Users\lucas\AppData\Local\Microsoft\WindowsApps;C:\Program Files\Java\jdk-15.0.1\bin";C:\Users\lucas\eclipse\jee-2020-09\eclipse;
USERNAME=lucas
OS=Windows_NT
PROCESSOR_IDENTIFIER=Intel64 Family 6 Model 61 Stepping 4, GenuineIntel



---------------  S Y S T E M  ---------------

OS: Windows 10 , 64 bit Build 19041 (10.0.19041.546)
OS uptime: 20 days 2:22 hours

CPU:total 4 (initial active 4) (2 cores per cpu, 2 threads per core) family 6 model 61 stepping 4, cmov, cx8, fxsr, mmx, sse, sse2, sse3, ssse3, sse4.1, sse4.2, popcnt, avx, avx2, aes, clmul, erms, 3dnowpref, lzcnt, ht, tsc, tscinvbit, bmi1, bmi2, adx, fma

Memory: 4k page, system-wide physical 8102M (1862M free)
TotalPageFile size 9461M (AvailPageFile size 2709M)
current process WorkingSet (physical memory assigned to process): 361M, peak: 421M
current process commit charge ("private bytes"): 443M, peak: 496M

vm_info: OpenJDK 64-Bit Server VM (11.0.9.1+1) for windows-amd64 JRE (11.0.9.1+1), built on Nov 10 2020 15:18:49 by "" with MS VC++ 15.9 (VS2017)

END.
